[2022-05-10 20:18:13.055] [exthost] [info] extension host started
[2022-05-10 20:18:13.280] [exthost] [info] extension host started
[2022-05-10 20:18:13.301] [exthost] [info] ExtensionService#_doActivateExtension HookyQR.beautify {"startup":true,"extensionId":{"value":"HookyQR.beautify","_lower":"hookyqr.beautify"},"activationEvent":"*"}
[2022-05-10 20:18:13.302] [exthost] [info] ExtensionService#loadCommonJSModule file:///c:/eclipse-java-2021-09-R-win32-x86_64/eclipse/plugins/pack.core.win_3.6.0.202007171759/HookyQR.beautify-1.4.11/extension
[2022-05-10 20:18:13.404] [exthost] [info] ExtensionService#_doActivateExtension christian-kohler.path-intellisense {"startup":true,"extensionId":{"value":"christian-kohler.path-intellisense","_lower":"christian-kohler.path-intellisense"},"activationEvent":"*"}
[2022-05-10 20:18:13.405] [exthost] [info] ExtensionService#loadCommonJSModule file:///c:/eclipse-java-2021-09-R-win32-x86_64/eclipse/plugins/pack.core.win_3.6.0.202007171759/christian-kohler.path-intellisense-1.4.2/out/src/extension
[2022-05-10 20:18:13.424] [exthost] [info] ExtensionService#_doActivateExtension dbaeumer.vscode-eslint {"startup":true,"extensionId":{"value":"dbaeumer.vscode-eslint","_lower":"dbaeumer.vscode-eslint"},"activationEvent":"*"}
[2022-05-10 20:18:13.425] [exthost] [info] ExtensionService#loadCommonJSModule file:///c:/eclipse-java-2021-09-R-win32-x86_64/eclipse/plugins/pack.core.win_3.6.0.202007171759/dbaeumer.vscode-eslint-1.9.0/client/out/extension
[2022-05-10 20:18:13.440] [exthost] [info] ExtensionService#_doActivateExtension vscode.debug-auto-launch {"startup":true,"extensionId":{"value":"vscode.debug-auto-launch","_lower":"vscode.debug-auto-launch"},"activationEvent":"*"}
[2022-05-10 20:18:13.441] [exthost] [info] ExtensionService#loadCommonJSModule file:///c:/eclipse-java-2021-09-R-win32-x86_64/eclipse/plugins/com.genuitec.eclipse.code.engine.app.win32.x86_64_3.6.0.202002212104/engine/resources/app/extensions/debug-auto-launch/dist/extension
[2022-05-10 20:18:13.446] [exthost] [info] ExtensionService#_doActivateExtension vscode.emmet {"startup":true,"extensionId":{"value":"vscode.emmet","_lower":"vscode.emmet"},"activationEvent":"*"}
[2022-05-10 20:18:13.446] [exthost] [info] ExtensionService#loadCommonJSModule file:///c:/eclipse-java-2021-09-R-win32-x86_64/eclipse/plugins/com.genuitec.eclipse.code.engine.app.win32.x86_64_3.6.0.202002212104/engine/resources/app/extensions/emmet/dist/extension
[2022-05-10 20:18:13.474] [exthost] [info] ExtensionService#_doActivateExtension formulahendry.auto-close-tag {"startup":true,"extensionId":{"value":"formulahendry.auto-close-tag","_lower":"formulahendry.auto-close-tag"},"activationEvent":"*"}
[2022-05-10 20:18:13.474] [exthost] [info] ExtensionService#loadCommonJSModule file:///c:/eclipse-java-2021-09-R-win32-x86_64/eclipse/plugins/pack.core.win_3.6.0.202007171759/formulahendry.auto-close-tag-0.5.6/out/src/extension
[2022-05-10 20:18:13.491] [exthost] [info] ExtensionService#_doActivateExtension vscode.grunt {"startup":false,"extensionId":{"value":"vscode.grunt","_lower":"vscode.grunt"},"activationEvent":"onCommand:workbench.action.tasks.runTask"}
[2022-05-10 20:18:13.491] [exthost] [info] ExtensionService#loadCommonJSModule file:///c:/eclipse-java-2021-09-R-win32-x86_64/eclipse/plugins/com.genuitec.eclipse.code.engine.app.win32.x86_64_3.6.0.202002212104/engine/resources/app/extensions/grunt/dist/main
[2022-05-10 20:18:13.497] [exthost] [info] ExtensionService#_doActivateExtension vscode.gulp {"startup":false,"extensionId":{"value":"vscode.gulp","_lower":"vscode.gulp"},"activationEvent":"onCommand:workbench.action.tasks.runTask"}
[2022-05-10 20:18:13.497] [exthost] [info] ExtensionService#loadCommonJSModule file:///c:/eclipse-java-2021-09-R-win32-x86_64/eclipse/plugins/com.genuitec.eclipse.code.engine.app.win32.x86_64_3.6.0.202002212104/engine/resources/app/extensions/gulp/dist/main
[2022-05-10 20:18:13.500] [exthost] [info] ExtensionService#_doActivateExtension vscode.jake {"startup":false,"extensionId":{"value":"vscode.jake","_lower":"vscode.jake"},"activationEvent":"onCommand:workbench.action.tasks.runTask"}
[2022-05-10 20:18:13.500] [exthost] [info] ExtensionService#loadCommonJSModule file:///c:/eclipse-java-2021-09-R-win32-x86_64/eclipse/plugins/com.genuitec.eclipse.code.engine.app.win32.x86_64_3.6.0.202002212104/engine/resources/app/extensions/jake/dist/main
[2022-05-10 20:18:13.504] [exthost] [info] ExtensionService#_doActivateExtension vscode.npm {"startup":false,"extensionId":{"value":"vscode.npm","_lower":"vscode.npm"},"activationEvent":"onCommand:workbench.action.tasks.runTask"}
[2022-05-10 20:18:13.504] [exthost] [info] ExtensionService#loadCommonJSModule file:///c:/eclipse-java-2021-09-R-win32-x86_64/eclipse/plugins/com.genuitec.eclipse.code.engine.app.win32.x86_64_3.6.0.202002212104/engine/resources/app/extensions/npm/dist/main
[2022-05-10 20:18:13.515] [exthost] [info] ExtensionService#_doActivateExtension vscode.typescript-language-features {"startup":false,"extensionId":{"value":"vscode.typescript-language-features","_lower":"vscode.typescript-language-features"},"activationEvent":"onCommand:workbench.action.tasks.runTask"}
[2022-05-10 20:18:13.515] [exthost] [info] ExtensionService#loadCommonJSModule file:///c:/eclipse-java-2021-09-R-win32-x86_64/eclipse/plugins/com.genuitec.eclipse.code.engine.app.win32.x86_64_3.6.0.202002212104/engine/resources/app/extensions/typescript-language-features/dist/extension
[2022-05-10 20:18:13.547] [exthost] [info] eager extensions activated
